E:\COCOS2D-2.1RC0-X-2.1.3\COCOS2D-2.1RC0-X-2.1.3\MELODYKNIGHT\PROJ.WIN32\DEBUG.WIN32\ANIMATEPACKER.OBJ
E:\COCOS2D-2.1RC0-X-2.1.3\COCOS2D-2.1RC0-X-2.1.3\MELODYKNIGHT\PROJ.WIN32\DEBUG.WIN32\APPDELEGATE.OBJ
E:\COCOS2D-2.1RC0-X-2.1.3\COCOS2D-2.1RC0-X-2.1.3\MELODYKNIGHT\PROJ.WIN32\DEBUG.WIN32\HELLOWORLDSCENE.OBJ
E:\COCOS2D-2.1RC0-X-2.1.3\COCOS2D-2.1RC0-X-2.1.3\MELODYKNIGHT\PROJ.WIN32\DEBUG.WIN32\SNEAKYBUTTON.OBJ
E:\COCOS2D-2.1RC0-X-2.1.3\COCOS2D-2.1RC0-X-2.1.3\MELODYKNIGHT\PROJ.WIN32\DEBUG.WIN32\SNEAKYBUTTONSKINNEDBASE.OBJ
E:\COCOS2D-2.1RC0-X-2.1.3\COCOS2D-2.1RC0-X-2.1.3\MELODYKNIGHT\PROJ.WIN32\DEBUG.WIN32\SNEAKYJOYSTICK.OBJ
E:\COCOS2D-2.1RC0-X-2.1.3\COCOS2D-2.1RC0-X-2.1.3\MELODYKNIGHT\PROJ.WIN32\DEBUG.WIN32\SNEAKYJOYSTICKSKINNEDBASE.OBJ
E:\COCOS2D-2.1RC0-X-2.1.3\COCOS2D-2.1RC0-X-2.1.3\MELODYKNIGHT\PROJ.WIN32\DEBUG.WIN32\UTILS.OBJ
E:\COCOS2D-2.1RC0-X-2.1.3\COCOS2D-2.1RC0-X-2.1.3\MELODYKNIGHT\PROJ.WIN32\DEBUG.WIN32\MAIN.OBJ
E:\COCOS2D-2.1RC0-X-2.1.3\COCOS2D-2.1RC0-X-2.1.3\MELODYKNIGHT\PROJ.WIN32\DEBUG.WIN32\MENEMY.OBJ
E:\COCOS2D-2.1RC0-X-2.1.3\COCOS2D-2.1RC0-X-2.1.3\MELODYKNIGHT\PROJ.WIN32\DEBUG.WIN32\MMAINSCENE.OBJ
E:\COCOS2D-2.1RC0-X-2.1.3\COCOS2D-2.1RC0-X-2.1.3\MELODYKNIGHT\PROJ.WIN32\DEBUG.WIN32\VC110.PDB
E:\COCOS2D-2.1RC0-X-2.1.3\COCOS2D-2.1RC0-X-2.1.3\MELODYKNIGHT\PROJ.WIN32\DEBUG.WIN32\MBULLET.OBJ
E:\COCOS2D-2.1RC0-X-2.1.3\COCOS2D-2.1RC0-X-2.1.3\MELODYKNIGHT\PROJ.WIN32\DEBUG.WIN32\MSKILL1LAYER.OBJ
E:\COCOS2D-2.1RC0-X-2.1.3\COCOS2D-2.1RC0-X-2.1.3\MELODYKNIGHT\PROJ.WIN32\DEBUG.WIN32\SKILLMANAGER.OBJ
E:\COCOS2D-2.1RC0-X-2.1.3\COCOS2D-2.1RC0-X-2.1.3\MELODYKNIGHT\PROJ.WIN32\DEBUG.WIN32\MISKILLLAYER.OBJ
E:\COCOS2D-2.1RC0-X-2.1.3\COCOS2D-2.1RC0-X-2.1.3\MELODYKNIGHT\PROJ.WIN32\DEBUG.WIN32\MITEM.OBJ
E:\COCOS2D-2.1RC0-X-2.1.3\COCOS2D-2.1RC0-X-2.1.3\MELODYKNIGHT\PROJ.WIN32\DEBUG.WIN32\MSKILL2LAYER.OBJ
E:\COCOS2D-2.1RC0-X-2.1.3\COCOS2D-2.1RC0-X-2.1.3\MELODYKNIGHT\PROJ.WIN32\DEBUG.WIN32\MDAMAGERINFO.OBJ
E:\COCOS2D-2.1RC0-X-2.1.3\COCOS2D-2.1RC0-X-2.1.3\MELODYKNIGHT\PROJ.WIN32\DEBUG.WIN32\MSKILLTARGET.OBJ
E:\COCOS2D-2.1RC0-X-2.1.3\COCOS2D-2.1RC0-X-2.1.3\MELODYKNIGHT\PROJ.WIN32\DEBUG.WIN32\MROLE.OBJ
E:\COCOS2D-2.1RC0-X-2.1.3\COCOS2D-2.1RC0-X-2.1.3\MELODYKNIGHT\PROJ.WIN32\DEBUG.WIN32\GAMEMANAGER.OBJ
E:\COCOS2D-2.1RC0-X-2.1.3\COCOS2D-2.1RC0-X-2.1.3\MELODYKNIGHT\PROJ.WIN32\DEBUG.WIN32\MEFFECT.OBJ
E:\COCOS2D-2.1RC0-X-2.1.3\COCOS2D-2.1RC0-X-2.1.3\MELODYKNIGHT\PROJ.WIN32\DEBUG.WIN32\MSKILL.OBJ
E:\COCOS2D-2.1RC0-X-2.1.3\COCOS2D-2.1RC0-X-2.1.3\MELODYKNIGHT\PROJ.WIN32\DEBUG.WIN32\MACTOR.OBJ
E:\COCOS2D-2.1RC0-X-2.1.3\COCOS2D-2.1RC0-X-2.1.3\MELODYKNIGHT\PROJ.WIN32\DEBUG.WIN32\MWORLDMAPSCENE.OBJ
E:\COCOS2D-2.1RC0-X-2.1.3\COCOS2D-2.1RC0-X-2.1.3\MELODYKNIGHT\PROJ.WIN32\DEBUG.WIN32\MTOAST.OBJ
E:\COCOS2D-2.1RC0-X-2.1.3\COCOS2D-2.1RC0-X-2.1.3\DEBUG.WIN32\MELODYKNIGHT.WIN32.ILK
E:\COCOS2D-2.1RC0-X-2.1.3\COCOS2D-2.1RC0-X-2.1.3\DEBUG.WIN32\MELODYKNIGHT.WIN32.EXE
E:\COCOS2D-2.1RC0-X-2.1.3\COCOS2D-2.1RC0-X-2.1.3\DEBUG.WIN32\MELODYKNIGHT.WIN32.PDB
E:\COCOS2D-2.1RC0-X-2.1.3\COCOS2D-2.1RC0-X-2.1.3\MELODYKNIGHT\PROJ.WIN32\DEBUG.WIN32\MELODYKNIGHT.RES
E:\cocos2d-2.1rc0-x-2.1.3\cocos2d-2.1rc0-x-2.1.3\MelodyKnight\proj.win32\Debug.win32\AnimatePacker.obj
E:\cocos2d-2.1rc0-x-2.1.3\cocos2d-2.1rc0-x-2.1.3\MelodyKnight\proj.win32\Debug.win32\MActor.obj
E:\cocos2d-2.1rc0-x-2.1.3\cocos2d-2.1rc0-x-2.1.3\MelodyKnight\proj.win32\Debug.win32\main.obj
E:\cocos2d-2.1rc0-x-2.1.3\cocos2d-2.1rc0-x-2.1.3\MelodyKnight\proj.win32\Debug.win32\MBullet.obj
E:\cocos2d-2.1rc0-x-2.1.3\cocos2d-2.1rc0-x-2.1.3\MelodyKnight\proj.win32\Debug.win32\MDamagerInfo.obj
E:\cocos2d-2.1rc0-x-2.1.3\cocos2d-2.1rc0-x-2.1.3\MelodyKnight\proj.win32\Debug.win32\MISkillLayer.obj
E:\cocos2d-2.1rc0-x-2.1.3\cocos2d-2.1rc0-x-2.1.3\MelodyKnight\proj.win32\Debug.win32\MItem.obj
E:\cocos2d-2.1rc0-x-2.1.3\cocos2d-2.1rc0-x-2.1.3\MelodyKnight\proj.win32\Debug.win32\MRole.obj
E:\cocos2d-2.1rc0-x-2.1.3\cocos2d-2.1rc0-x-2.1.3\MelodyKnight\proj.win32\Debug.win32\MSkillTarget.obj
E:\cocos2d-2.1rc0-x-2.1.3\cocos2d-2.1rc0-x-2.1.3\MelodyKnight\proj.win32\Debug.win32\MToast.obj
E:\cocos2d-2.1rc0-x-2.1.3\cocos2d-2.1rc0-x-2.1.3\MelodyKnight\proj.win32\Debug.win32\SneakyButton.obj
E:\cocos2d-2.1rc0-x-2.1.3\cocos2d-2.1rc0-x-2.1.3\MelodyKnight\proj.win32\Debug.win32\SneakyButtonSkinnedBase.obj
E:\cocos2d-2.1rc0-x-2.1.3\cocos2d-2.1rc0-x-2.1.3\MelodyKnight\proj.win32\Debug.win32\SneakyJoystick.obj
E:\cocos2d-2.1rc0-x-2.1.3\cocos2d-2.1rc0-x-2.1.3\MelodyKnight\proj.win32\Debug.win32\SneakyJoystickSkinnedBase.obj
E:\cocos2d-2.1rc0-x-2.1.3\cocos2d-2.1rc0-x-2.1.3\MelodyKnight\proj.win32\Debug.win32\Utils.obj
E:\cocos2d-2.1rc0-x-2.1.3\cocos2d-2.1rc0-x-2.1.3\MelodyKnight\proj.win32\Debug.win32\cl.command.1.tlog
E:\cocos2d-2.1rc0-x-2.1.3\cocos2d-2.1rc0-x-2.1.3\MelodyKnight\proj.win32\Debug.win32\CL.read.1.tlog
E:\cocos2d-2.1rc0-x-2.1.3\cocos2d-2.1rc0-x-2.1.3\MelodyKnight\proj.win32\Debug.win32\CL.write.1.tlog
E:\cocos2d-2.1rc0-x-2.1.3\cocos2d-2.1rc0-x-2.1.3\MelodyKnight\proj.win32\Debug.win32\link-cvtres.read.1.tlog
E:\cocos2d-2.1rc0-x-2.1.3\cocos2d-2.1rc0-x-2.1.3\MelodyKnight\proj.win32\Debug.win32\link-cvtres.write.1.tlog
E:\cocos2d-2.1rc0-x-2.1.3\cocos2d-2.1rc0-x-2.1.3\MelodyKnight\proj.win32\Debug.win32\link-rc.read.1.tlog
E:\cocos2d-2.1rc0-x-2.1.3\cocos2d-2.1rc0-x-2.1.3\MelodyKnight\proj.win32\Debug.win32\link-rc.write.1.tlog
E:\cocos2d-2.1rc0-x-2.1.3\cocos2d-2.1rc0-x-2.1.3\MelodyKnight\proj.win32\Debug.win32\link.10140-cvtres.read.1.tlog
E:\cocos2d-2.1rc0-x-2.1.3\cocos2d-2.1rc0-x-2.1.3\MelodyKnight\proj.win32\Debug.win32\link.10140-cvtres.write.1.tlog
E:\cocos2d-2.1rc0-x-2.1.3\cocos2d-2.1rc0-x-2.1.3\MelodyKnight\proj.win32\Debug.win32\link.10140-rc.read.1.tlog
E:\cocos2d-2.1rc0-x-2.1.3\cocos2d-2.1rc0-x-2.1.3\MelodyKnight\proj.win32\Debug.win32\link.10140-rc.write.1.tlog
E:\cocos2d-2.1rc0-x-2.1.3\cocos2d-2.1rc0-x-2.1.3\MelodyKnight\proj.win32\Debug.win32\link.10140.read.1.tlog
E:\cocos2d-2.1rc0-x-2.1.3\cocos2d-2.1rc0-x-2.1.3\MelodyKnight\proj.win32\Debug.win32\link.10140.write.1.tlog
E:\cocos2d-2.1rc0-x-2.1.3\cocos2d-2.1rc0-x-2.1.3\MelodyKnight\proj.win32\Debug.win32\link.11108-cvtres.read.1.tlog
E:\cocos2d-2.1rc0-x-2.1.3\cocos2d-2.1rc0-x-2.1.3\MelodyKnight\proj.win32\Debug.win32\link.11108-cvtres.write.1.tlog
E:\cocos2d-2.1rc0-x-2.1.3\cocos2d-2.1rc0-x-2.1.3\MelodyKnight\proj.win32\Debug.win32\link.11108-rc.read.1.tlog
E:\cocos2d-2.1rc0-x-2.1.3\cocos2d-2.1rc0-x-2.1.3\MelodyKnight\proj.win32\Debug.win32\link.11108-rc.write.1.tlog
E:\cocos2d-2.1rc0-x-2.1.3\cocos2d-2.1rc0-x-2.1.3\MelodyKnight\proj.win32\Debug.win32\link.11108.read.1.tlog
E:\cocos2d-2.1rc0-x-2.1.3\cocos2d-2.1rc0-x-2.1.3\MelodyKnight\proj.win32\Debug.win32\link.11108.write.1.tlog
E:\cocos2d-2.1rc0-x-2.1.3\cocos2d-2.1rc0-x-2.1.3\MelodyKnight\proj.win32\Debug.win32\link.11876-cvtres.read.1.tlog
E:\cocos2d-2.1rc0-x-2.1.3\cocos2d-2.1rc0-x-2.1.3\MelodyKnight\proj.win32\Debug.win32\link.11876-cvtres.write.1.tlog
E:\cocos2d-2.1rc0-x-2.1.3\cocos2d-2.1rc0-x-2.1.3\MelodyKnight\proj.win32\Debug.win32\link.11876-rc.read.1.tlog
E:\cocos2d-2.1rc0-x-2.1.3\cocos2d-2.1rc0-x-2.1.3\MelodyKnight\proj.win32\Debug.win32\link.11876-rc.write.1.tlog
E:\cocos2d-2.1rc0-x-2.1.3\cocos2d-2.1rc0-x-2.1.3\MelodyKnight\proj.win32\Debug.win32\link.11876.read.1.tlog
E:\cocos2d-2.1rc0-x-2.1.3\cocos2d-2.1rc0-x-2.1.3\MelodyKnight\proj.win32\Debug.win32\link.11876.write.1.tlog
E:\cocos2d-2.1rc0-x-2.1.3\cocos2d-2.1rc0-x-2.1.3\MelodyKnight\proj.win32\Debug.win32\link.12692-cvtres.read.1.tlog
E:\cocos2d-2.1rc0-x-2.1.3\cocos2d-2.1rc0-x-2.1.3\MelodyKnight\proj.win32\Debug.win32\link.12692-cvtres.write.1.tlog
E:\cocos2d-2.1rc0-x-2.1.3\cocos2d-2.1rc0-x-2.1.3\MelodyKnight\proj.win32\Debug.win32\link.12692-rc.read.1.tlog
E:\cocos2d-2.1rc0-x-2.1.3\cocos2d-2.1rc0-x-2.1.3\MelodyKnight\proj.win32\Debug.win32\link.12692-rc.write.1.tlog
E:\cocos2d-2.1rc0-x-2.1.3\cocos2d-2.1rc0-x-2.1.3\MelodyKnight\proj.win32\Debug.win32\link.12692.read.1.tlog
E:\cocos2d-2.1rc0-x-2.1.3\cocos2d-2.1rc0-x-2.1.3\MelodyKnight\proj.win32\Debug.win32\link.12692.write.1.tlog
E:\cocos2d-2.1rc0-x-2.1.3\cocos2d-2.1rc0-x-2.1.3\MelodyKnight\proj.win32\Debug.win32\link.16268-cvtres.read.1.tlog
E:\cocos2d-2.1rc0-x-2.1.3\cocos2d-2.1rc0-x-2.1.3\MelodyKnight\proj.win32\Debug.win32\link.16268-cvtres.write.1.tlog
E:\cocos2d-2.1rc0-x-2.1.3\cocos2d-2.1rc0-x-2.1.3\MelodyKnight\proj.win32\Debug.win32\link.16268-rc.read.1.tlog
E:\cocos2d-2.1rc0-x-2.1.3\cocos2d-2.1rc0-x-2.1.3\MelodyKnight\proj.win32\Debug.win32\link.16268-rc.write.1.tlog
E:\cocos2d-2.1rc0-x-2.1.3\cocos2d-2.1rc0-x-2.1.3\MelodyKnight\proj.win32\Debug.win32\link.16268.read.1.tlog
E:\cocos2d-2.1rc0-x-2.1.3\cocos2d-2.1rc0-x-2.1.3\MelodyKnight\proj.win32\Debug.win32\link.16268.write.1.tlog
E:\cocos2d-2.1rc0-x-2.1.3\cocos2d-2.1rc0-x-2.1.3\MelodyKnight\proj.win32\Debug.win32\link.1936-cvtres.read.1.tlog
E:\cocos2d-2.1rc0-x-2.1.3\cocos2d-2.1rc0-x-2.1.3\MelodyKnight\proj.win32\Debug.win32\link.1936-cvtres.write.1.tlog
E:\cocos2d-2.1rc0-x-2.1.3\cocos2d-2.1rc0-x-2.1.3\MelodyKnight\proj.win32\Debug.win32\link.1936-rc.read.1.tlog
E:\cocos2d-2.1rc0-x-2.1.3\cocos2d-2.1rc0-x-2.1.3\MelodyKnight\proj.win32\Debug.win32\link.1936-rc.write.1.tlog
E:\cocos2d-2.1rc0-x-2.1.3\cocos2d-2.1rc0-x-2.1.3\MelodyKnight\proj.win32\Debug.win32\link.1936.read.1.tlog
E:\cocos2d-2.1rc0-x-2.1.3\cocos2d-2.1rc0-x-2.1.3\MelodyKnight\proj.win32\Debug.win32\link.1936.write.1.tlog
E:\cocos2d-2.1rc0-x-2.1.3\cocos2d-2.1rc0-x-2.1.3\MelodyKnight\proj.win32\Debug.win32\link.2384-cvtres.read.1.tlog
E:\cocos2d-2.1rc0-x-2.1.3\cocos2d-2.1rc0-x-2.1.3\MelodyKnight\proj.win32\Debug.win32\link.2384-cvtres.write.1.tlog
E:\cocos2d-2.1rc0-x-2.1.3\cocos2d-2.1rc0-x-2.1.3\MelodyKnight\proj.win32\Debug.win32\link.2384-rc.read.1.tlog
E:\cocos2d-2.1rc0-x-2.1.3\cocos2d-2.1rc0-x-2.1.3\MelodyKnight\proj.win32\Debug.win32\link.2384-rc.write.1.tlog
E:\cocos2d-2.1rc0-x-2.1.3\cocos2d-2.1rc0-x-2.1.3\MelodyKnight\proj.win32\Debug.win32\link.2384.read.1.tlog
E:\cocos2d-2.1rc0-x-2.1.3\cocos2d-2.1rc0-x-2.1.3\MelodyKnight\proj.win32\Debug.win32\link.2384.write.1.tlog
E:\cocos2d-2.1rc0-x-2.1.3\cocos2d-2.1rc0-x-2.1.3\MelodyKnight\proj.win32\Debug.win32\link.2544-cvtres.read.1.tlog
E:\cocos2d-2.1rc0-x-2.1.3\cocos2d-2.1rc0-x-2.1.3\MelodyKnight\proj.win32\Debug.win32\link.2544-cvtres.write.1.tlog
E:\cocos2d-2.1rc0-x-2.1.3\cocos2d-2.1rc0-x-2.1.3\MelodyKnight\proj.win32\Debug.win32\link.2544-rc.read.1.tlog
E:\cocos2d-2.1rc0-x-2.1.3\cocos2d-2.1rc0-x-2.1.3\MelodyKnight\proj.win32\Debug.win32\link.2544-rc.write.1.tlog
E:\cocos2d-2.1rc0-x-2.1.3\cocos2d-2.1rc0-x-2.1.3\MelodyKnight\proj.win32\Debug.win32\link.2544.read.1.tlog
E:\cocos2d-2.1rc0-x-2.1.3\cocos2d-2.1rc0-x-2.1.3\MelodyKnight\proj.win32\Debug.win32\link.2544.write.1.tlog
E:\cocos2d-2.1rc0-x-2.1.3\cocos2d-2.1rc0-x-2.1.3\MelodyKnight\proj.win32\Debug.win32\link.3888-cvtres.read.1.tlog
E:\cocos2d-2.1rc0-x-2.1.3\cocos2d-2.1rc0-x-2.1.3\MelodyKnight\proj.win32\Debug.win32\link.3888-cvtres.write.1.tlog
E:\cocos2d-2.1rc0-x-2.1.3\cocos2d-2.1rc0-x-2.1.3\MelodyKnight\proj.win32\Debug.win32\link.3888-rc.read.1.tlog
E:\cocos2d-2.1rc0-x-2.1.3\cocos2d-2.1rc0-x-2.1.3\MelodyKnight\proj.win32\Debug.win32\link.3888-rc.write.1.tlog
E:\cocos2d-2.1rc0-x-2.1.3\cocos2d-2.1rc0-x-2.1.3\MelodyKnight\proj.win32\Debug.win32\link.3888.read.1.tlog
E:\cocos2d-2.1rc0-x-2.1.3\cocos2d-2.1rc0-x-2.1.3\MelodyKnight\proj.win32\Debug.win32\link.3888.write.1.tlog
E:\cocos2d-2.1rc0-x-2.1.3\cocos2d-2.1rc0-x-2.1.3\MelodyKnight\proj.win32\Debug.win32\link.4284-cvtres.read.1.tlog
E:\cocos2d-2.1rc0-x-2.1.3\cocos2d-2.1rc0-x-2.1.3\MelodyKnight\proj.win32\Debug.win32\link.4284-cvtres.write.1.tlog
E:\cocos2d-2.1rc0-x-2.1.3\cocos2d-2.1rc0-x-2.1.3\MelodyKnight\proj.win32\Debug.win32\link.4284-rc.read.1.tlog
E:\cocos2d-2.1rc0-x-2.1.3\cocos2d-2.1rc0-x-2.1.3\MelodyKnight\proj.win32\Debug.win32\link.4284-rc.write.1.tlog
E:\cocos2d-2.1rc0-x-2.1.3\cocos2d-2.1rc0-x-2.1.3\MelodyKnight\proj.win32\Debug.win32\link.4284.read.1.tlog
E:\cocos2d-2.1rc0-x-2.1.3\cocos2d-2.1rc0-x-2.1.3\MelodyKnight\proj.win32\Debug.win32\link.4284.write.1.tlog
E:\cocos2d-2.1rc0-x-2.1.3\cocos2d-2.1rc0-x-2.1.3\MelodyKnight\proj.win32\Debug.win32\link.4664-cvtres.read.1.tlog
E:\cocos2d-2.1rc0-x-2.1.3\cocos2d-2.1rc0-x-2.1.3\MelodyKnight\proj.win32\Debug.win32\link.4664-cvtres.write.1.tlog
E:\cocos2d-2.1rc0-x-2.1.3\cocos2d-2.1rc0-x-2.1.3\MelodyKnight\proj.win32\Debug.win32\link.4664-rc.read.1.tlog
E:\cocos2d-2.1rc0-x-2.1.3\cocos2d-2.1rc0-x-2.1.3\MelodyKnight\proj.win32\Debug.win32\link.4664-rc.write.1.tlog
E:\cocos2d-2.1rc0-x-2.1.3\cocos2d-2.1rc0-x-2.1.3\MelodyKnight\proj.win32\Debug.win32\link.4664.read.1.tlog
E:\cocos2d-2.1rc0-x-2.1.3\cocos2d-2.1rc0-x-2.1.3\MelodyKnight\proj.win32\Debug.win32\link.4664.write.1.tlog
E:\cocos2d-2.1rc0-x-2.1.3\cocos2d-2.1rc0-x-2.1.3\MelodyKnight\proj.win32\Debug.win32\link.4848-cvtres.read.1.tlog
E:\cocos2d-2.1rc0-x-2.1.3\cocos2d-2.1rc0-x-2.1.3\MelodyKnight\proj.win32\Debug.win32\link.4848-cvtres.write.1.tlog
E:\cocos2d-2.1rc0-x-2.1.3\cocos2d-2.1rc0-x-2.1.3\MelodyKnight\proj.win32\Debug.win32\link.4848-rc.read.1.tlog
E:\cocos2d-2.1rc0-x-2.1.3\cocos2d-2.1rc0-x-2.1.3\MelodyKnight\proj.win32\Debug.win32\link.4848-rc.write.1.tlog
E:\cocos2d-2.1rc0-x-2.1.3\cocos2d-2.1rc0-x-2.1.3\MelodyKnight\proj.win32\Debug.win32\link.4848.read.1.tlog
E:\cocos2d-2.1rc0-x-2.1.3\cocos2d-2.1rc0-x-2.1.3\MelodyKnight\proj.win32\Debug.win32\link.4848.write.1.tlog
E:\cocos2d-2.1rc0-x-2.1.3\cocos2d-2.1rc0-x-2.1.3\MelodyKnight\proj.win32\Debug.win32\link.5108-cvtres.read.1.tlog
E:\cocos2d-2.1rc0-x-2.1.3\cocos2d-2.1rc0-x-2.1.3\MelodyKnight\proj.win32\Debug.win32\link.5108-cvtres.write.1.tlog
E:\cocos2d-2.1rc0-x-2.1.3\cocos2d-2.1rc0-x-2.1.3\MelodyKnight\proj.win32\Debug.win32\link.5108-rc.read.1.tlog
E:\cocos2d-2.1rc0-x-2.1.3\cocos2d-2.1rc0-x-2.1.3\MelodyKnight\proj.win32\Debug.win32\link.5108-rc.write.1.tlog
E:\cocos2d-2.1rc0-x-2.1.3\cocos2d-2.1rc0-x-2.1.3\MelodyKnight\proj.win32\Debug.win32\link.5108.read.1.tlog
E:\cocos2d-2.1rc0-x-2.1.3\cocos2d-2.1rc0-x-2.1.3\MelodyKnight\proj.win32\Debug.win32\link.5108.write.1.tlog
E:\cocos2d-2.1rc0-x-2.1.3\cocos2d-2.1rc0-x-2.1.3\MelodyKnight\proj.win32\Debug.win32\link.5144-cvtres.read.1.tlog
E:\cocos2d-2.1rc0-x-2.1.3\cocos2d-2.1rc0-x-2.1.3\MelodyKnight\proj.win32\Debug.win32\link.5144-cvtres.write.1.tlog
E:\cocos2d-2.1rc0-x-2.1.3\cocos2d-2.1rc0-x-2.1.3\MelodyKnight\proj.win32\Debug.win32\link.5144-rc.read.1.tlog
E:\cocos2d-2.1rc0-x-2.1.3\cocos2d-2.1rc0-x-2.1.3\MelodyKnight\proj.win32\Debug.win32\link.5144-rc.write.1.tlog
E:\cocos2d-2.1rc0-x-2.1.3\cocos2d-2.1rc0-x-2.1.3\MelodyKnight\proj.win32\Debug.win32\link.5144.read.1.tlog
E:\cocos2d-2.1rc0-x-2.1.3\cocos2d-2.1rc0-x-2.1.3\MelodyKnight\proj.win32\Debug.win32\link.5144.write.1.tlog
E:\cocos2d-2.1rc0-x-2.1.3\cocos2d-2.1rc0-x-2.1.3\MelodyKnight\proj.win32\Debug.win32\link.5344-cvtres.read.1.tlog
E:\cocos2d-2.1rc0-x-2.1.3\cocos2d-2.1rc0-x-2.1.3\MelodyKnight\proj.win32\Debug.win32\link.5344-cvtres.write.1.tlog
E:\cocos2d-2.1rc0-x-2.1.3\cocos2d-2.1rc0-x-2.1.3\MelodyKnight\proj.win32\Debug.win32\link.5344-rc.read.1.tlog
E:\cocos2d-2.1rc0-x-2.1.3\cocos2d-2.1rc0-x-2.1.3\MelodyKnight\proj.win32\Debug.win32\link.5344-rc.write.1.tlog
E:\cocos2d-2.1rc0-x-2.1.3\cocos2d-2.1rc0-x-2.1.3\MelodyKnight\proj.win32\Debug.win32\link.5344.read.1.tlog
E:\cocos2d-2.1rc0-x-2.1.3\cocos2d-2.1rc0-x-2.1.3\MelodyKnight\proj.win32\Debug.win32\link.5344.write.1.tlog
E:\cocos2d-2.1rc0-x-2.1.3\cocos2d-2.1rc0-x-2.1.3\MelodyKnight\proj.win32\Debug.win32\link.5424-cvtres.read.1.tlog
E:\cocos2d-2.1rc0-x-2.1.3\cocos2d-2.1rc0-x-2.1.3\MelodyKnight\proj.win32\Debug.win32\link.5424-cvtres.write.1.tlog
E:\cocos2d-2.1rc0-x-2.1.3\cocos2d-2.1rc0-x-2.1.3\MelodyKnight\proj.win32\Debug.win32\link.5424-rc.read.1.tlog
E:\cocos2d-2.1rc0-x-2.1.3\cocos2d-2.1rc0-x-2.1.3\MelodyKnight\proj.win32\Debug.win32\link.5424-rc.write.1.tlog
E:\cocos2d-2.1rc0-x-2.1.3\cocos2d-2.1rc0-x-2.1.3\MelodyKnight\proj.win32\Debug.win32\link.5424.read.1.tlog
E:\cocos2d-2.1rc0-x-2.1.3\cocos2d-2.1rc0-x-2.1.3\MelodyKnight\proj.win32\Debug.win32\link.5424.write.1.tlog
E:\cocos2d-2.1rc0-x-2.1.3\cocos2d-2.1rc0-x-2.1.3\MelodyKnight\proj.win32\Debug.win32\link.5436-cvtres.read.1.tlog
E:\cocos2d-2.1rc0-x-2.1.3\cocos2d-2.1rc0-x-2.1.3\MelodyKnight\proj.win32\Debug.win32\link.5436-cvtres.write.1.tlog
E:\cocos2d-2.1rc0-x-2.1.3\cocos2d-2.1rc0-x-2.1.3\MelodyKnight\proj.win32\Debug.win32\link.5436-rc.read.1.tlog
E:\cocos2d-2.1rc0-x-2.1.3\cocos2d-2.1rc0-x-2.1.3\MelodyKnight\proj.win32\Debug.win32\link.5436-rc.write.1.tlog
E:\cocos2d-2.1rc0-x-2.1.3\cocos2d-2.1rc0-x-2.1.3\MelodyKnight\proj.win32\Debug.win32\link.5436.read.1.tlog
E:\cocos2d-2.1rc0-x-2.1.3\cocos2d-2.1rc0-x-2.1.3\MelodyKnight\proj.win32\Debug.win32\link.5436.write.1.tlog
E:\cocos2d-2.1rc0-x-2.1.3\cocos2d-2.1rc0-x-2.1.3\MelodyKnight\proj.win32\Debug.win32\link.5584-cvtres.read.1.tlog
E:\cocos2d-2.1rc0-x-2.1.3\cocos2d-2.1rc0-x-2.1.3\MelodyKnight\proj.win32\Debug.win32\link.5584-cvtres.write.1.tlog
E:\cocos2d-2.1rc0-x-2.1.3\cocos2d-2.1rc0-x-2.1.3\MelodyKnight\proj.win32\Debug.win32\link.5584-rc.read.1.tlog
E:\cocos2d-2.1rc0-x-2.1.3\cocos2d-2.1rc0-x-2.1.3\MelodyKnight\proj.win32\Debug.win32\link.5584-rc.write.1.tlog
E:\cocos2d-2.1rc0-x-2.1.3\cocos2d-2.1rc0-x-2.1.3\MelodyKnight\proj.win32\Debug.win32\link.5584.read.1.tlog
E:\cocos2d-2.1rc0-x-2.1.3\cocos2d-2.1rc0-x-2.1.3\MelodyKnight\proj.win32\Debug.win32\link.5584.write.1.tlog
E:\cocos2d-2.1rc0-x-2.1.3\cocos2d-2.1rc0-x-2.1.3\MelodyKnight\proj.win32\Debug.win32\link.5888-cvtres.read.1.tlog
E:\cocos2d-2.1rc0-x-2.1.3\cocos2d-2.1rc0-x-2.1.3\MelodyKnight\proj.win32\Debug.win32\link.5888-cvtres.write.1.tlog
E:\cocos2d-2.1rc0-x-2.1.3\cocos2d-2.1rc0-x-2.1.3\MelodyKnight\proj.win32\Debug.win32\link.5888-rc.read.1.tlog
E:\cocos2d-2.1rc0-x-2.1.3\cocos2d-2.1rc0-x-2.1.3\MelodyKnight\proj.win32\Debug.win32\link.5888-rc.write.1.tlog
E:\cocos2d-2.1rc0-x-2.1.3\cocos2d-2.1rc0-x-2.1.3\MelodyKnight\proj.win32\Debug.win32\link.5888.read.1.tlog
E:\cocos2d-2.1rc0-x-2.1.3\cocos2d-2.1rc0-x-2.1.3\MelodyKnight\proj.win32\Debug.win32\link.5888.write.1.tlog
E:\cocos2d-2.1rc0-x-2.1.3\cocos2d-2.1rc0-x-2.1.3\MelodyKnight\proj.win32\Debug.win32\link.5920-cvtres.read.1.tlog
E:\cocos2d-2.1rc0-x-2.1.3\cocos2d-2.1rc0-x-2.1.3\MelodyKnight\proj.win32\Debug.win32\link.5920-cvtres.write.1.tlog
E:\cocos2d-2.1rc0-x-2.1.3\cocos2d-2.1rc0-x-2.1.3\MelodyKnight\proj.win32\Debug.win32\link.5920-rc.read.1.tlog
E:\cocos2d-2.1rc0-x-2.1.3\cocos2d-2.1rc0-x-2.1.3\MelodyKnight\proj.win32\Debug.win32\link.5920-rc.write.1.tlog
E:\cocos2d-2.1rc0-x-2.1.3\cocos2d-2.1rc0-x-2.1.3\MelodyKnight\proj.win32\Debug.win32\link.5920.read.1.tlog
E:\cocos2d-2.1rc0-x-2.1.3\cocos2d-2.1rc0-x-2.1.3\MelodyKnight\proj.win32\Debug.win32\link.5920.write.1.tlog
E:\cocos2d-2.1rc0-x-2.1.3\cocos2d-2.1rc0-x-2.1.3\MelodyKnight\proj.win32\Debug.win32\link.6408-cvtres.read.1.tlog
E:\cocos2d-2.1rc0-x-2.1.3\cocos2d-2.1rc0-x-2.1.3\MelodyKnight\proj.win32\Debug.win32\link.6408-cvtres.write.1.tlog
E:\cocos2d-2.1rc0-x-2.1.3\cocos2d-2.1rc0-x-2.1.3\MelodyKnight\proj.win32\Debug.win32\link.6408-rc.read.1.tlog
E:\cocos2d-2.1rc0-x-2.1.3\cocos2d-2.1rc0-x-2.1.3\MelodyKnight\proj.win32\Debug.win32\link.6408-rc.write.1.tlog
E:\cocos2d-2.1rc0-x-2.1.3\cocos2d-2.1rc0-x-2.1.3\MelodyKnight\proj.win32\Debug.win32\link.6408.read.1.tlog
E:\cocos2d-2.1rc0-x-2.1.3\cocos2d-2.1rc0-x-2.1.3\MelodyKnight\proj.win32\Debug.win32\link.6408.write.1.tlog
E:\cocos2d-2.1rc0-x-2.1.3\cocos2d-2.1rc0-x-2.1.3\MelodyKnight\proj.win32\Debug.win32\link.6488-cvtres.read.1.tlog
E:\cocos2d-2.1rc0-x-2.1.3\cocos2d-2.1rc0-x-2.1.3\MelodyKnight\proj.win32\Debug.win32\link.6488-cvtres.write.1.tlog
E:\cocos2d-2.1rc0-x-2.1.3\cocos2d-2.1rc0-x-2.1.3\MelodyKnight\proj.win32\Debug.win32\link.6488-rc.read.1.tlog
E:\cocos2d-2.1rc0-x-2.1.3\cocos2d-2.1rc0-x-2.1.3\MelodyKnight\proj.win32\Debug.win32\link.6488-rc.write.1.tlog
E:\cocos2d-2.1rc0-x-2.1.3\cocos2d-2.1rc0-x-2.1.3\MelodyKnight\proj.win32\Debug.win32\link.6488.read.1.tlog
E:\cocos2d-2.1rc0-x-2.1.3\cocos2d-2.1rc0-x-2.1.3\MelodyKnight\proj.win32\Debug.win32\link.6488.write.1.tlog
E:\cocos2d-2.1rc0-x-2.1.3\cocos2d-2.1rc0-x-2.1.3\MelodyKnight\proj.win32\Debug.win32\link.6628-cvtres.read.1.tlog
E:\cocos2d-2.1rc0-x-2.1.3\cocos2d-2.1rc0-x-2.1.3\MelodyKnight\proj.win32\Debug.win32\link.6628-cvtres.write.1.tlog
E:\cocos2d-2.1rc0-x-2.1.3\cocos2d-2.1rc0-x-2.1.3\MelodyKnight\proj.win32\Debug.win32\link.6628-rc.read.1.tlog
E:\cocos2d-2.1rc0-x-2.1.3\cocos2d-2.1rc0-x-2.1.3\MelodyKnight\proj.win32\Debug.win32\link.6628-rc.write.1.tlog
E:\cocos2d-2.1rc0-x-2.1.3\cocos2d-2.1rc0-x-2.1.3\MelodyKnight\proj.win32\Debug.win32\link.6628.read.1.tlog
E:\cocos2d-2.1rc0-x-2.1.3\cocos2d-2.1rc0-x-2.1.3\MelodyKnight\proj.win32\Debug.win32\link.6628.write.1.tlog
E:\cocos2d-2.1rc0-x-2.1.3\cocos2d-2.1rc0-x-2.1.3\MelodyKnight\proj.win32\Debug.win32\link.6720-cvtres.read.1.tlog
E:\cocos2d-2.1rc0-x-2.1.3\cocos2d-2.1rc0-x-2.1.3\MelodyKnight\proj.win32\Debug.win32\link.6720-cvtres.write.1.tlog
E:\cocos2d-2.1rc0-x-2.1.3\cocos2d-2.1rc0-x-2.1.3\MelodyKnight\proj.win32\Debug.win32\link.6720-rc.read.1.tlog
E:\cocos2d-2.1rc0-x-2.1.3\cocos2d-2.1rc0-x-2.1.3\MelodyKnight\proj.win32\Debug.win32\link.6720-rc.write.1.tlog
E:\cocos2d-2.1rc0-x-2.1.3\cocos2d-2.1rc0-x-2.1.3\MelodyKnight\proj.win32\Debug.win32\link.6720.read.1.tlog
E:\cocos2d-2.1rc0-x-2.1.3\cocos2d-2.1rc0-x-2.1.3\MelodyKnight\proj.win32\Debug.win32\link.6720.write.1.tlog
E:\cocos2d-2.1rc0-x-2.1.3\cocos2d-2.1rc0-x-2.1.3\MelodyKnight\proj.win32\Debug.win32\link.6780-cvtres.read.1.tlog
E:\cocos2d-2.1rc0-x-2.1.3\cocos2d-2.1rc0-x-2.1.3\MelodyKnight\proj.win32\Debug.win32\link.6780-cvtres.write.1.tlog
E:\cocos2d-2.1rc0-x-2.1.3\cocos2d-2.1rc0-x-2.1.3\MelodyKnight\proj.win32\Debug.win32\link.6780-rc.read.1.tlog
E:\cocos2d-2.1rc0-x-2.1.3\cocos2d-2.1rc0-x-2.1.3\MelodyKnight\proj.win32\Debug.win32\link.6780-rc.write.1.tlog
E:\cocos2d-2.1rc0-x-2.1.3\cocos2d-2.1rc0-x-2.1.3\MelodyKnight\proj.win32\Debug.win32\link.6780.read.1.tlog
E:\cocos2d-2.1rc0-x-2.1.3\cocos2d-2.1rc0-x-2.1.3\MelodyKnight\proj.win32\Debug.win32\link.6780.write.1.tlog
E:\cocos2d-2.1rc0-x-2.1.3\cocos2d-2.1rc0-x-2.1.3\MelodyKnight\proj.win32\Debug.win32\link.6816-cvtres.read.1.tlog
E:\cocos2d-2.1rc0-x-2.1.3\cocos2d-2.1rc0-x-2.1.3\MelodyKnight\proj.win32\Debug.win32\link.6816-cvtres.write.1.tlog
E:\cocos2d-2.1rc0-x-2.1.3\cocos2d-2.1rc0-x-2.1.3\MelodyKnight\proj.win32\Debug.win32\link.6816-rc.read.1.tlog
E:\cocos2d-2.1rc0-x-2.1.3\cocos2d-2.1rc0-x-2.1.3\MelodyKnight\proj.win32\Debug.win32\link.6816-rc.write.1.tlog
E:\cocos2d-2.1rc0-x-2.1.3\cocos2d-2.1rc0-x-2.1.3\MelodyKnight\proj.win32\Debug.win32\link.6816.read.1.tlog
E:\cocos2d-2.1rc0-x-2.1.3\cocos2d-2.1rc0-x-2.1.3\MelodyKnight\proj.win32\Debug.win32\link.6816.write.1.tlog
E:\cocos2d-2.1rc0-x-2.1.3\cocos2d-2.1rc0-x-2.1.3\MelodyKnight\proj.win32\Debug.win32\link.6840-cvtres.read.1.tlog
E:\cocos2d-2.1rc0-x-2.1.3\cocos2d-2.1rc0-x-2.1.3\MelodyKnight\proj.win32\Debug.win32\link.6840-cvtres.write.1.tlog
E:\cocos2d-2.1rc0-x-2.1.3\cocos2d-2.1rc0-x-2.1.3\MelodyKnight\proj.win32\Debug.win32\link.6840-rc.read.1.tlog
E:\cocos2d-2.1rc0-x-2.1.3\cocos2d-2.1rc0-x-2.1.3\MelodyKnight\proj.win32\Debug.win32\link.6840-rc.write.1.tlog
E:\cocos2d-2.1rc0-x-2.1.3\cocos2d-2.1rc0-x-2.1.3\MelodyKnight\proj.win32\Debug.win32\link.6840.read.1.tlog
E:\cocos2d-2.1rc0-x-2.1.3\cocos2d-2.1rc0-x-2.1.3\MelodyKnight\proj.win32\Debug.win32\link.6840.write.1.tlog
E:\cocos2d-2.1rc0-x-2.1.3\cocos2d-2.1rc0-x-2.1.3\MelodyKnight\proj.win32\Debug.win32\link.6892-cvtres.read.1.tlog
E:\cocos2d-2.1rc0-x-2.1.3\cocos2d-2.1rc0-x-2.1.3\MelodyKnight\proj.win32\Debug.win32\link.6892-cvtres.write.1.tlog
E:\cocos2d-2.1rc0-x-2.1.3\cocos2d-2.1rc0-x-2.1.3\MelodyKnight\proj.win32\Debug.win32\link.6892-rc.read.1.tlog
E:\cocos2d-2.1rc0-x-2.1.3\cocos2d-2.1rc0-x-2.1.3\MelodyKnight\proj.win32\Debug.win32\link.6892-rc.write.1.tlog
E:\cocos2d-2.1rc0-x-2.1.3\cocos2d-2.1rc0-x-2.1.3\MelodyKnight\proj.win32\Debug.win32\link.6892.read.1.tlog
E:\cocos2d-2.1rc0-x-2.1.3\cocos2d-2.1rc0-x-2.1.3\MelodyKnight\proj.win32\Debug.win32\link.6892.write.1.tlog
E:\cocos2d-2.1rc0-x-2.1.3\cocos2d-2.1rc0-x-2.1.3\MelodyKnight\proj.win32\Debug.win32\link.6900-cvtres.read.1.tlog
E:\cocos2d-2.1rc0-x-2.1.3\cocos2d-2.1rc0-x-2.1.3\MelodyKnight\proj.win32\Debug.win32\link.6900-cvtres.write.1.tlog
E:\cocos2d-2.1rc0-x-2.1.3\cocos2d-2.1rc0-x-2.1.3\MelodyKnight\proj.win32\Debug.win32\link.6900-rc.read.1.tlog
E:\cocos2d-2.1rc0-x-2.1.3\cocos2d-2.1rc0-x-2.1.3\MelodyKnight\proj.win32\Debug.win32\link.6900-rc.write.1.tlog
E:\cocos2d-2.1rc0-x-2.1.3\cocos2d-2.1rc0-x-2.1.3\MelodyKnight\proj.win32\Debug.win32\link.6900.read.1.tlog
E:\cocos2d-2.1rc0-x-2.1.3\cocos2d-2.1rc0-x-2.1.3\MelodyKnight\proj.win32\Debug.win32\link.6900.write.1.tlog
E:\cocos2d-2.1rc0-x-2.1.3\cocos2d-2.1rc0-x-2.1.3\MelodyKnight\proj.win32\Debug.win32\link.6956-cvtres.read.1.tlog
E:\cocos2d-2.1rc0-x-2.1.3\cocos2d-2.1rc0-x-2.1.3\MelodyKnight\proj.win32\Debug.win32\link.6956-cvtres.write.1.tlog
E:\cocos2d-2.1rc0-x-2.1.3\cocos2d-2.1rc0-x-2.1.3\MelodyKnight\proj.win32\Debug.win32\link.6956-rc.read.1.tlog
E:\cocos2d-2.1rc0-x-2.1.3\cocos2d-2.1rc0-x-2.1.3\MelodyKnight\proj.win32\Debug.win32\link.6956-rc.write.1.tlog
E:\cocos2d-2.1rc0-x-2.1.3\cocos2d-2.1rc0-x-2.1.3\MelodyKnight\proj.win32\Debug.win32\link.6956.read.1.tlog
E:\cocos2d-2.1rc0-x-2.1.3\cocos2d-2.1rc0-x-2.1.3\MelodyKnight\proj.win32\Debug.win32\link.6956.write.1.tlog
E:\cocos2d-2.1rc0-x-2.1.3\cocos2d-2.1rc0-x-2.1.3\MelodyKnight\proj.win32\Debug.win32\link.7264-cvtres.read.1.tlog
E:\cocos2d-2.1rc0-x-2.1.3\cocos2d-2.1rc0-x-2.1.3\MelodyKnight\proj.win32\Debug.win32\link.7264-cvtres.write.1.tlog
E:\cocos2d-2.1rc0-x-2.1.3\cocos2d-2.1rc0-x-2.1.3\MelodyKnight\proj.win32\Debug.win32\link.7264-rc.read.1.tlog
E:\cocos2d-2.1rc0-x-2.1.3\cocos2d-2.1rc0-x-2.1.3\MelodyKnight\proj.win32\Debug.win32\link.7264-rc.write.1.tlog
E:\cocos2d-2.1rc0-x-2.1.3\cocos2d-2.1rc0-x-2.1.3\MelodyKnight\proj.win32\Debug.win32\link.7264.read.1.tlog
E:\cocos2d-2.1rc0-x-2.1.3\cocos2d-2.1rc0-x-2.1.3\MelodyKnight\proj.win32\Debug.win32\link.7264.write.1.tlog
E:\cocos2d-2.1rc0-x-2.1.3\cocos2d-2.1rc0-x-2.1.3\MelodyKnight\proj.win32\Debug.win32\link.7312-cvtres.read.1.tlog
E:\cocos2d-2.1rc0-x-2.1.3\cocos2d-2.1rc0-x-2.1.3\MelodyKnight\proj.win32\Debug.win32\link.7312-cvtres.write.1.tlog
E:\cocos2d-2.1rc0-x-2.1.3\cocos2d-2.1rc0-x-2.1.3\MelodyKnight\proj.win32\Debug.win32\link.7312-rc.read.1.tlog
E:\cocos2d-2.1rc0-x-2.1.3\cocos2d-2.1rc0-x-2.1.3\MelodyKnight\proj.win32\Debug.win32\link.7312-rc.write.1.tlog
E:\cocos2d-2.1rc0-x-2.1.3\cocos2d-2.1rc0-x-2.1.3\MelodyKnight\proj.win32\Debug.win32\link.7312.read.1.tlog
E:\cocos2d-2.1rc0-x-2.1.3\cocos2d-2.1rc0-x-2.1.3\MelodyKnight\proj.win32\Debug.win32\link.7312.write.1.tlog
E:\cocos2d-2.1rc0-x-2.1.3\cocos2d-2.1rc0-x-2.1.3\MelodyKnight\proj.win32\Debug.win32\link.7748-cvtres.read.1.tlog
E:\cocos2d-2.1rc0-x-2.1.3\cocos2d-2.1rc0-x-2.1.3\MelodyKnight\proj.win32\Debug.win32\link.7748-cvtres.write.1.tlog
E:\cocos2d-2.1rc0-x-2.1.3\cocos2d-2.1rc0-x-2.1.3\MelodyKnight\proj.win32\Debug.win32\link.7748-rc.read.1.tlog
E:\cocos2d-2.1rc0-x-2.1.3\cocos2d-2.1rc0-x-2.1.3\MelodyKnight\proj.win32\Debug.win32\link.7748-rc.write.1.tlog
E:\cocos2d-2.1rc0-x-2.1.3\cocos2d-2.1rc0-x-2.1.3\MelodyKnight\proj.win32\Debug.win32\link.7748.read.1.tlog
E:\cocos2d-2.1rc0-x-2.1.3\cocos2d-2.1rc0-x-2.1.3\MelodyKnight\proj.win32\Debug.win32\link.7748.write.1.tlog
E:\cocos2d-2.1rc0-x-2.1.3\cocos2d-2.1rc0-x-2.1.3\MelodyKnight\proj.win32\Debug.win32\link.7984-cvtres.read.1.tlog
E:\cocos2d-2.1rc0-x-2.1.3\cocos2d-2.1rc0-x-2.1.3\MelodyKnight\proj.win32\Debug.win32\link.7984-cvtres.write.1.tlog
E:\cocos2d-2.1rc0-x-2.1.3\cocos2d-2.1rc0-x-2.1.3\MelodyKnight\proj.win32\Debug.win32\link.7984-rc.read.1.tlog
E:\cocos2d-2.1rc0-x-2.1.3\cocos2d-2.1rc0-x-2.1.3\MelodyKnight\proj.win32\Debug.win32\link.7984-rc.write.1.tlog
E:\cocos2d-2.1rc0-x-2.1.3\cocos2d-2.1rc0-x-2.1.3\MelodyKnight\proj.win32\Debug.win32\link.7984.read.1.tlog
E:\cocos2d-2.1rc0-x-2.1.3\cocos2d-2.1rc0-x-2.1.3\MelodyKnight\proj.win32\Debug.win32\link.7984.write.1.tlog
E:\cocos2d-2.1rc0-x-2.1.3\cocos2d-2.1rc0-x-2.1.3\MelodyKnight\proj.win32\Debug.win32\link.8128-cvtres.read.1.tlog
E:\cocos2d-2.1rc0-x-2.1.3\cocos2d-2.1rc0-x-2.1.3\MelodyKnight\proj.win32\Debug.win32\link.8128-cvtres.write.1.tlog
E:\cocos2d-2.1rc0-x-2.1.3\cocos2d-2.1rc0-x-2.1.3\MelodyKnight\proj.win32\Debug.win32\link.8128-rc.read.1.tlog
E:\cocos2d-2.1rc0-x-2.1.3\cocos2d-2.1rc0-x-2.1.3\MelodyKnight\proj.win32\Debug.win32\link.8128-rc.write.1.tlog
E:\cocos2d-2.1rc0-x-2.1.3\cocos2d-2.1rc0-x-2.1.3\MelodyKnight\proj.win32\Debug.win32\link.8128.read.1.tlog
E:\cocos2d-2.1rc0-x-2.1.3\cocos2d-2.1rc0-x-2.1.3\MelodyKnight\proj.win32\Debug.win32\link.8128.write.1.tlog
E:\cocos2d-2.1rc0-x-2.1.3\cocos2d-2.1rc0-x-2.1.3\MelodyKnight\proj.win32\Debug.win32\link.8232-cvtres.read.1.tlog
E:\cocos2d-2.1rc0-x-2.1.3\cocos2d-2.1rc0-x-2.1.3\MelodyKnight\proj.win32\Debug.win32\link.8232-cvtres.write.1.tlog
E:\cocos2d-2.1rc0-x-2.1.3\cocos2d-2.1rc0-x-2.1.3\MelodyKnight\proj.win32\Debug.win32\link.8232-rc.read.1.tlog
E:\cocos2d-2.1rc0-x-2.1.3\cocos2d-2.1rc0-x-2.1.3\MelodyKnight\proj.win32\Debug.win32\link.8232-rc.write.1.tlog
E:\cocos2d-2.1rc0-x-2.1.3\cocos2d-2.1rc0-x-2.1.3\MelodyKnight\proj.win32\Debug.win32\link.8232.read.1.tlog
E:\cocos2d-2.1rc0-x-2.1.3\cocos2d-2.1rc0-x-2.1.3\MelodyKnight\proj.win32\Debug.win32\link.8232.write.1.tlog
E:\cocos2d-2.1rc0-x-2.1.3\cocos2d-2.1rc0-x-2.1.3\MelodyKnight\proj.win32\Debug.win32\link.8276-cvtres.read.1.tlog
E:\cocos2d-2.1rc0-x-2.1.3\cocos2d-2.1rc0-x-2.1.3\MelodyKnight\proj.win32\Debug.win32\link.8276-cvtres.write.1.tlog
E:\cocos2d-2.1rc0-x-2.1.3\cocos2d-2.1rc0-x-2.1.3\MelodyKnight\proj.win32\Debug.win32\link.8276-rc.read.1.tlog
E:\cocos2d-2.1rc0-x-2.1.3\cocos2d-2.1rc0-x-2.1.3\MelodyKnight\proj.win32\Debug.win32\link.8276-rc.write.1.tlog
E:\cocos2d-2.1rc0-x-2.1.3\cocos2d-2.1rc0-x-2.1.3\MelodyKnight\proj.win32\Debug.win32\link.8276.read.1.tlog
E:\cocos2d-2.1rc0-x-2.1.3\cocos2d-2.1rc0-x-2.1.3\MelodyKnight\proj.win32\Debug.win32\link.8276.write.1.tlog
E:\cocos2d-2.1rc0-x-2.1.3\cocos2d-2.1rc0-x-2.1.3\MelodyKnight\proj.win32\Debug.win32\link.8392-cvtres.read.1.tlog
E:\cocos2d-2.1rc0-x-2.1.3\cocos2d-2.1rc0-x-2.1.3\MelodyKnight\proj.win32\Debug.win32\link.8392-cvtres.write.1.tlog
E:\cocos2d-2.1rc0-x-2.1.3\cocos2d-2.1rc0-x-2.1.3\MelodyKnight\proj.win32\Debug.win32\link.8392-rc.read.1.tlog
E:\cocos2d-2.1rc0-x-2.1.3\cocos2d-2.1rc0-x-2.1.3\MelodyKnight\proj.win32\Debug.win32\link.8392-rc.write.1.tlog
E:\cocos2d-2.1rc0-x-2.1.3\cocos2d-2.1rc0-x-2.1.3\MelodyKnight\proj.win32\Debug.win32\link.8392.read.1.tlog
E:\cocos2d-2.1rc0-x-2.1.3\cocos2d-2.1rc0-x-2.1.3\MelodyKnight\proj.win32\Debug.win32\link.8392.write.1.tlog
E:\cocos2d-2.1rc0-x-2.1.3\cocos2d-2.1rc0-x-2.1.3\MelodyKnight\proj.win32\Debug.win32\link.8520-cvtres.read.1.tlog
E:\cocos2d-2.1rc0-x-2.1.3\cocos2d-2.1rc0-x-2.1.3\MelodyKnight\proj.win32\Debug.win32\link.8520-cvtres.write.1.tlog
E:\cocos2d-2.1rc0-x-2.1.3\cocos2d-2.1rc0-x-2.1.3\MelodyKnight\proj.win32\Debug.win32\link.8520-rc.read.1.tlog
E:\cocos2d-2.1rc0-x-2.1.3\cocos2d-2.1rc0-x-2.1.3\MelodyKnight\proj.win32\Debug.win32\link.8520-rc.write.1.tlog
E:\cocos2d-2.1rc0-x-2.1.3\cocos2d-2.1rc0-x-2.1.3\MelodyKnight\proj.win32\Debug.win32\link.8520.read.1.tlog
E:\cocos2d-2.1rc0-x-2.1.3\cocos2d-2.1rc0-x-2.1.3\MelodyKnight\proj.win32\Debug.win32\link.8520.write.1.tlog
E:\cocos2d-2.1rc0-x-2.1.3\cocos2d-2.1rc0-x-2.1.3\MelodyKnight\proj.win32\Debug.win32\link.8764-cvtres.read.1.tlog
E:\cocos2d-2.1rc0-x-2.1.3\cocos2d-2.1rc0-x-2.1.3\MelodyKnight\proj.win32\Debug.win32\link.8764-cvtres.write.1.tlog
E:\cocos2d-2.1rc0-x-2.1.3\cocos2d-2.1rc0-x-2.1.3\MelodyKnight\proj.win32\Debug.win32\link.8764-rc.read.1.tlog
E:\cocos2d-2.1rc0-x-2.1.3\cocos2d-2.1rc0-x-2.1.3\MelodyKnight\proj.win32\Debug.win32\link.8764-rc.write.1.tlog
E:\cocos2d-2.1rc0-x-2.1.3\cocos2d-2.1rc0-x-2.1.3\MelodyKnight\proj.win32\Debug.win32\link.8764.read.1.tlog
E:\cocos2d-2.1rc0-x-2.1.3\cocos2d-2.1rc0-x-2.1.3\MelodyKnight\proj.win32\Debug.win32\link.8764.write.1.tlog
E:\cocos2d-2.1rc0-x-2.1.3\cocos2d-2.1rc0-x-2.1.3\MelodyKnight\proj.win32\Debug.win32\link.8948-cvtres.read.1.tlog
E:\cocos2d-2.1rc0-x-2.1.3\cocos2d-2.1rc0-x-2.1.3\MelodyKnight\proj.win32\Debug.win32\link.8948-cvtres.write.1.tlog
E:\cocos2d-2.1rc0-x-2.1.3\cocos2d-2.1rc0-x-2.1.3\MelodyKnight\proj.win32\Debug.win32\link.8948-rc.read.1.tlog
E:\cocos2d-2.1rc0-x-2.1.3\cocos2d-2.1rc0-x-2.1.3\MelodyKnight\proj.win32\Debug.win32\link.8948-rc.write.1.tlog
E:\cocos2d-2.1rc0-x-2.1.3\cocos2d-2.1rc0-x-2.1.3\MelodyKnight\proj.win32\Debug.win32\link.8948.read.1.tlog
E:\cocos2d-2.1rc0-x-2.1.3\cocos2d-2.1rc0-x-2.1.3\MelodyKnight\proj.win32\Debug.win32\link.8948.write.1.tlog
E:\cocos2d-2.1rc0-x-2.1.3\cocos2d-2.1rc0-x-2.1.3\MelodyKnight\proj.win32\Debug.win32\link.8972-cvtres.read.1.tlog
E:\cocos2d-2.1rc0-x-2.1.3\cocos2d-2.1rc0-x-2.1.3\MelodyKnight\proj.win32\Debug.win32\link.8972-cvtres.write.1.tlog
E:\cocos2d-2.1rc0-x-2.1.3\cocos2d-2.1rc0-x-2.1.3\MelodyKnight\proj.win32\Debug.win32\link.8972-rc.read.1.tlog
E:\cocos2d-2.1rc0-x-2.1.3\cocos2d-2.1rc0-x-2.1.3\MelodyKnight\proj.win32\Debug.win32\link.8972-rc.write.1.tlog
E:\cocos2d-2.1rc0-x-2.1.3\cocos2d-2.1rc0-x-2.1.3\MelodyKnight\proj.win32\Debug.win32\link.8972.read.1.tlog
E:\cocos2d-2.1rc0-x-2.1.3\cocos2d-2.1rc0-x-2.1.3\MelodyKnight\proj.win32\Debug.win32\link.8972.write.1.tlog
E:\cocos2d-2.1rc0-x-2.1.3\cocos2d-2.1rc0-x-2.1.3\MelodyKnight\proj.win32\Debug.win32\link.8988-cvtres.read.1.tlog
E:\cocos2d-2.1rc0-x-2.1.3\cocos2d-2.1rc0-x-2.1.3\MelodyKnight\proj.win32\Debug.win32\link.8988-cvtres.write.1.tlog
E:\cocos2d-2.1rc0-x-2.1.3\cocos2d-2.1rc0-x-2.1.3\MelodyKnight\proj.win32\Debug.win32\link.8988-rc.read.1.tlog
E:\cocos2d-2.1rc0-x-2.1.3\cocos2d-2.1rc0-x-2.1.3\MelodyKnight\proj.win32\Debug.win32\link.8988-rc.write.1.tlog
E:\cocos2d-2.1rc0-x-2.1.3\cocos2d-2.1rc0-x-2.1.3\MelodyKnight\proj.win32\Debug.win32\link.8988.read.1.tlog
E:\cocos2d-2.1rc0-x-2.1.3\cocos2d-2.1rc0-x-2.1.3\MelodyKnight\proj.win32\Debug.win32\link.8988.write.1.tlog
E:\cocos2d-2.1rc0-x-2.1.3\cocos2d-2.1rc0-x-2.1.3\MelodyKnight\proj.win32\Debug.win32\link.9732-cvtres.read.1.tlog
E:\cocos2d-2.1rc0-x-2.1.3\cocos2d-2.1rc0-x-2.1.3\MelodyKnight\proj.win32\Debug.win32\link.9732-cvtres.write.1.tlog
E:\cocos2d-2.1rc0-x-2.1.3\cocos2d-2.1rc0-x-2.1.3\MelodyKnight\proj.win32\Debug.win32\link.9732-rc.read.1.tlog
E:\cocos2d-2.1rc0-x-2.1.3\cocos2d-2.1rc0-x-2.1.3\MelodyKnight\proj.win32\Debug.win32\link.9732-rc.write.1.tlog
E:\cocos2d-2.1rc0-x-2.1.3\cocos2d-2.1rc0-x-2.1.3\MelodyKnight\proj.win32\Debug.win32\link.9732.read.1.tlog
E:\cocos2d-2.1rc0-x-2.1.3\cocos2d-2.1rc0-x-2.1.3\MelodyKnight\proj.win32\Debug.win32\link.9732.write.1.tlog
E:\cocos2d-2.1rc0-x-2.1.3\cocos2d-2.1rc0-x-2.1.3\MelodyKnight\proj.win32\Debug.win32\link.9876-cvtres.read.1.tlog
E:\cocos2d-2.1rc0-x-2.1.3\cocos2d-2.1rc0-x-2.1.3\MelodyKnight\proj.win32\Debug.win32\link.9876-cvtres.write.1.tlog
E:\cocos2d-2.1rc0-x-2.1.3\cocos2d-2.1rc0-x-2.1.3\MelodyKnight\proj.win32\Debug.win32\link.9876-rc.read.1.tlog
E:\cocos2d-2.1rc0-x-2.1.3\cocos2d-2.1rc0-x-2.1.3\MelodyKnight\proj.win32\Debug.win32\link.9876-rc.write.1.tlog
E:\cocos2d-2.1rc0-x-2.1.3\cocos2d-2.1rc0-x-2.1.3\MelodyKnight\proj.win32\Debug.win32\link.9876.read.1.tlog
E:\cocos2d-2.1rc0-x-2.1.3\cocos2d-2.1rc0-x-2.1.3\MelodyKnight\proj.win32\Debug.win32\link.9876.write.1.tlog
E:\cocos2d-2.1rc0-x-2.1.3\cocos2d-2.1rc0-x-2.1.3\MelodyKnight\proj.win32\Debug.win32\link.command.1.tlog
E:\cocos2d-2.1rc0-x-2.1.3\cocos2d-2.1rc0-x-2.1.3\MelodyKnight\proj.win32\Debug.win32\link.read.1.tlog
E:\cocos2d-2.1rc0-x-2.1.3\cocos2d-2.1rc0-x-2.1.3\MelodyKnight\proj.win32\Debug.win32\link.write.1.tlog
E:\cocos2d-2.1rc0-x-2.1.3\cocos2d-2.1rc0-x-2.1.3\MelodyKnight\proj.win32\Debug.win32\rc.command.1.tlog
E:\cocos2d-2.1rc0-x-2.1.3\cocos2d-2.1rc0-x-2.1.3\MelodyKnight\proj.win32\Debug.win32\rc.read.1.tlog
E:\cocos2d-2.1rc0-x-2.1.3\cocos2d-2.1rc0-x-2.1.3\MelodyKnight\proj.win32\Debug.win32\rc.write.1.tlog
E:\cocos2d-2.1rc0-x-2.1.3\cocos2d-2.1rc0-x-2.1.3\MelodyKnight\proj.win32\Debug.win32\MelodyKnight.res
E:\cocos2d-2.1rc0-x-2.1.3\cocos2d-2.1rc0-x-2.1.3\MelodyKnight\proj.win32\Debug.win32\vc110.idb
E:\cocos2d-2.1rc0-x-2.1.3\cocos2d-2.1rc0-x-2.1.3\MelodyKnight\proj.win32\Debug.win32\vc110.pdb
E:\cocos2d-2.1rc0-x-2.1.3\cocos2d-2.1rc0-x-2.1.3\Debug.win32\MelodyKnight.win32.pdb
E:\cocos2d-2.1rc0-x-2.1.3\cocos2d-2.1rc0-x-2.1.3\Debug.win32\MelodyKnight.win32.exe
E:\cocos2d-2.1rc0-x-2.1.3\cocos2d-2.1rc0-x-2.1.3\Debug.win32\MelodyKnight.win32.ilk
